[debug] [2023-05-10T17:13:18.150Z] ----------------------------------------------------------------------
[debug] [2023-05-10T17:13:18.152Z] Command:       C:\Program Files\nodejs\node.exe C:\Users\DUY PC\AppData\Roaming\npm\node_modules\firebase-tools\lib\bin\firebase.js init
[debug] [2023-05-10T17:13:18.152Z] CLI Version:   12.0.0
[debug] [2023-05-10T17:13:18.152Z] Platform:      win32
[debug] [2023-05-10T17:13:18.152Z] Node Version:  v18.14.0
[debug] [2023-05-10T17:13:18.153Z] Time:          Thu May 11 2023 00:13:18 GMT+0700 (Indochina Time)
[debug] [2023-05-10T17:13:18.153Z] ----------------------------------------------------------------------
[debug] 
[debug] [2023-05-10T17:13:18.212Z] > command requires scopes: ["email","openid","https://www.googleapis.com/auth/cloudplatformprojects.readonly","https://www.googleapis.com/auth/firebase","https://www.googleapis.com/auth/cloud-platform"]
[debug] [2023-05-10T17:13:18.213Z] > authorizing via signed-in user (duychayspin0@gmail.com)
[info] 
     ######## #### ########  ######## ########     ###     ######  ########
     ##        ##  ##     ## ##       ##     ##  ##   ##  ##       ##
     ######    ##  ########  ######   ########  #########  ######  ######
     ##        ##  ##    ##  ##       ##     ## ##     ##       ## ##
     ##       #### ##     ## ######## ########  ##     ##  ######  ########

You're about to initialize a Firebase project in this directory:

  D:\THCode\Full-stack\Front-end\Project-ReactJS\snap-share-app

Before we get started, keep in mind:

  * You are initializing within an existing Firebase project directory

